{"/usr/src/kind-scraper/lib/scraper.js": {"path":"/usr/src/kind-scraper/lib/scraper.js","statementMap":{"0":{"start":{"line":1,"column":14},"end":{"line":1,"column":30}},"1":{"start":{"line":2,"column":18},"end":{"line":2,"column":34}},"2":{"start":{"line":3,"column":24},"end":{"line":3,"column":56}},"3":{"start":{"line":7,"column":2},"end":{"line":11,"column":3}},"4":{"start":{"line":8,"column":4},"end":{"line":8,"column":17}},"5":{"start":{"line":10,"column":4},"end":{"line":10,"column":43}},"6":{"start":{"line":14,"column":20},"end":{"line":14,"column":42}},"7":{"start":{"line":15,"column":2},"end":{"line":17,"column":3}},"8":{"start":{"line":16,"column":4},"end":{"line":16,"column":81}},"9":{"start":{"line":19,"column":2},"end":{"line":85,"column":3}},"10":{"start":{"line":20,"column":4},"end":{"line":20,"column":33}},"11":{"start":{"line":23,"column":4},"end":{"line":23,"column":60}},"12":{"start":{"line":23,"column":33},"end":{"line":23,"column":58}},"13":{"start":{"line":25,"column":4},"end":{"line":25,"column":33}},"14":{"start":{"line":29,"column":21},"end":{"line":32,"column":6}},"15":{"start":{"line":35,"column":4},"end":{"line":37,"column":5}},"16":{"start":{"line":36,"column":6},"end":{"line":36,"column":73}},"17":{"start":{"line":40,"column":17},"end":{"line":40,"column":30}},"18":{"start":{"line":41,"column":4},"end":{"line":43,"column":5}},"19":{"start":{"line":42,"column":6},"end":{"line":42,"column":64}},"20":{"start":{"line":47,"column":4},"end":{"line":52,"column":5}},"21":{"start":{"line":48,"column":18},"end":{"line":48,"column":42}},"22":{"start":{"line":49,"column":6},"end":{"line":49,"column":37}},"23":{"start":{"line":51,"column":6},"end":{"line":51,"column":54}},"24":{"start":{"line":55,"column":18},"end":{"line":55,"column":38}},"25":{"start":{"line":58,"column":25},"end":{"line":58,"column":55}},"26":{"start":{"line":59,"column":22},"end":{"line":59,"column":31}},"27":{"start":{"line":60,"column":18},"end":{"line":60,"column":20}},"28":{"start":{"line":61,"column":16},"end":{"line":61,"column":17}},"29":{"start":{"line":62,"column":4},"end":{"line":79,"column":5}},"30":{"start":{"line":63,"column":6},"end":{"line":63,"column":28}},"31":{"start":{"line":63,"column":22},"end":{"line":63,"column":28}},"32":{"start":{"line":64,"column":19},"end":{"line":64,"column":47}},"33":{"start":{"line":65,"column":6},"end":{"line":78,"column":7}},"34":{"start":{"line":66,"column":8},"end":{"line":77,"column":9}},"35":{"start":{"line":68,"column":30},"end":{"line":68,"column":53}},"36":{"start":{"line":69,"column":10},"end":{"line":73,"column":11}},"37":{"start":{"line":70,"column":12},"end":{"line":70,"column":39}},"38":{"start":{"line":71,"column":12},"end":{"line":71,"column":36}},"39":{"start":{"line":72,"column":12},"end":{"line":72,"column":20}},"40":{"start":{"line":76,"column":10},"end":{"line":76,"column":19}},"41":{"start":{"line":81,"column":4},"end":{"line":81,"column":28}},"42":{"start":{"line":84,"column":4},"end":{"line":84,"column":16}},"43":{"start":{"line":88,"column":0},"end":{"line":88,"column":32}}},"fnMap":{"0":{"name":"scrapePage","decl":{"start":{"line":5,"column":15},"end":{"line":5,"column":25}},"loc":{"start":{"line":5,"column":31},"end":{"line":86,"column":1}},"line":5},"1":{"name":"(anonymous_1)","decl":{"start":{"line":23,"column":22},"end":{"line":23,"column":23}},"loc":{"start":{"line":23,"column":33},"end":{"line":23,"column":58}},"line":23}},"branchMap":{"0":{"loc":{"start":{"line":15,"column":2},"end":{"line":17,"column":3}},"type":"if","locations":[{"start":{"line":15,"column":2},"end":{"line":17,"column":3}},{"start":{},"end":{}}],"line":15},"1":{"loc":{"start":{"line":35,"column":4},"end":{"line":37,"column":5}},"type":"if","locations":[{"start":{"line":35,"column":4},"end":{"line":37,"column":5}},{"start":{},"end":{}}],"line":35},"2":{"loc":{"start":{"line":41,"column":4},"end":{"line":43,"column":5}},"type":"if","locations":[{"start":{"line":41,"column":4},"end":{"line":43,"column":5}},{"start":{},"end":{}}],"line":41},"3":{"loc":{"start":{"line":41,"column":8},"end":{"line":41,"column":41}},"type":"binary-expr","locations":[{"start":{"line":41,"column":8},"end":{"line":41,"column":13}},{"start":{"line":41,"column":17},"end":{"line":41,"column":41}}],"line":41},"4":{"loc":{"start":{"line":55,"column":18},"end":{"line":55,"column":38}},"type":"binary-expr","locations":[{"start":{"line":55,"column":18},"end":{"line":55,"column":32}},{"start":{"line":55,"column":36},"end":{"line":55,"column":38}}],"line":55},"5":{"loc":{"start":{"line":63,"column":6},"end":{"line":63,"column":28}},"type":"if","locations":[{"start":{"line":63,"column":6},"end":{"line":63,"column":28}},{"start":{},"end":{}}],"line":63},"6":{"loc":{"start":{"line":65,"column":6},"end":{"line":78,"column":7}},"type":"if","locations":[{"start":{"line":65,"column":6},"end":{"line":78,"column":7}},{"start":{},"end":{}}],"line":65},"7":{"loc":{"start":{"line":69,"column":10},"end":{"line":73,"column":11}},"type":"if","locations":[{"start":{"line":69,"column":10},"end":{"line":73,"column":11}},{"start":{},"end":{}}],"line":69}},"s":{"0":1,"1":1,"2":1,"3":18,"4":18,"5":1,"6":17,"7":17,"8":1,"9":16,"10":16,"11":16,"12":16,"13":0,"14":0,"15":0,"16":0,"17":0,"18":0,"19":0,"20":0,"21":0,"22":0,"23":0,"24":0,"25":0,"26":0,"27":0,"28":0,"29":0,"30":0,"31":0,"32":0,"33":0,"34":0,"35":0,"36":0,"37":0,"38":0,"39":0,"40":0,"41":0,"42":0,"43":1},"f":{"0":18,"1":16},"b":{"0":[1,16],"1":[0,0],"2":[0,0],"3":[0,0],"4":[0,0],"5":[0,0],"6":[0,0],"7":[0,0]},"_coverageSchema":"1a1c01bbd47fc00a2c39e90264f33305004495a9","hash":"bbca25d7e2487dacfe37516ec909d95d54bd66a7"}
}
