{"/usr/src/kind-scraper/lib/scraper.js": {"path":"/usr/src/kind-scraper/lib/scraper.js","statementMap":{"0":{"start":{"line":1,"column":14},"end":{"line":1,"column":30}},"1":{"start":{"line":2,"column":18},"end":{"line":2,"column":34}},"2":{"start":{"line":3,"column":24},"end":{"line":3,"column":56}},"3":{"start":{"line":42,"column":2},"end":{"line":46,"column":3}},"4":{"start":{"line":43,"column":4},"end":{"line":43,"column":17}},"5":{"start":{"line":45,"column":4},"end":{"line":45,"column":99}},"6":{"start":{"line":49,"column":20},"end":{"line":49,"column":42}},"7":{"start":{"line":50,"column":2},"end":{"line":52,"column":3}},"8":{"start":{"line":51,"column":4},"end":{"line":51,"column":124}},"9":{"start":{"line":54,"column":2},"end":{"line":129,"column":3}},"10":{"start":{"line":55,"column":4},"end":{"line":55,"column":33}},"11":{"start":{"line":56,"column":4},"end":{"line":56,"column":60}},"12":{"start":{"line":56,"column":33},"end":{"line":56,"column":58}},"13":{"start":{"line":57,"column":4},"end":{"line":57,"column":33}},"14":{"start":{"line":62,"column":27},"end":{"line":66,"column":5}},"15":{"start":{"line":67,"column":25},"end":{"line":74,"column":5}},"16":{"start":{"line":76,"column":21},"end":{"line":76,"column":55}},"17":{"start":{"line":79,"column":4},"end":{"line":81,"column":5}},"18":{"start":{"line":80,"column":6},"end":{"line":80,"column":157}},"19":{"start":{"line":84,"column":17},"end":{"line":84,"column":30}},"20":{"start":{"line":85,"column":4},"end":{"line":87,"column":5}},"21":{"start":{"line":86,"column":6},"end":{"line":86,"column":129}},"22":{"start":{"line":91,"column":4},"end":{"line":96,"column":5}},"23":{"start":{"line":92,"column":18},"end":{"line":92,"column":42}},"24":{"start":{"line":93,"column":6},"end":{"line":93,"column":37}},"25":{"start":{"line":95,"column":6},"end":{"line":95,"column":109}},"26":{"start":{"line":99,"column":18},"end":{"line":99,"column":38}},"27":{"start":{"line":102,"column":25},"end":{"line":102,"column":55}},"28":{"start":{"line":103,"column":22},"end":{"line":103,"column":31}},"29":{"start":{"line":104,"column":18},"end":{"line":104,"column":20}},"30":{"start":{"line":105,"column":16},"end":{"line":105,"column":17}},"31":{"start":{"line":106,"column":4},"end":{"line":123,"column":5}},"32":{"start":{"line":107,"column":6},"end":{"line":107,"column":28}},"33":{"start":{"line":107,"column":22},"end":{"line":107,"column":28}},"34":{"start":{"line":108,"column":19},"end":{"line":108,"column":47}},"35":{"start":{"line":109,"column":6},"end":{"line":122,"column":7}},"36":{"start":{"line":110,"column":8},"end":{"line":121,"column":9}},"37":{"start":{"line":112,"column":30},"end":{"line":112,"column":53}},"38":{"start":{"line":113,"column":10},"end":{"line":117,"column":11}},"39":{"start":{"line":114,"column":12},"end":{"line":114,"column":39}},"40":{"start":{"line":115,"column":12},"end":{"line":115,"column":36}},"41":{"start":{"line":116,"column":12},"end":{"line":116,"column":20}},"42":{"start":{"line":120,"column":10},"end":{"line":120,"column":19}},"43":{"start":{"line":125,"column":4},"end":{"line":125,"column":28}},"44":{"start":{"line":128,"column":4},"end":{"line":128,"column":16}},"45":{"start":{"line":132,"column":0},"end":{"line":132,"column":32}}},"fnMap":{"0":{"name":"scrapePage","decl":{"start":{"line":40,"column":15},"end":{"line":40,"column":25}},"loc":{"start":{"line":40,"column":45},"end":{"line":130,"column":1}},"line":40},"1":{"name":"(anonymous_1)","decl":{"start":{"line":56,"column":22},"end":{"line":56,"column":23}},"loc":{"start":{"line":56,"column":33},"end":{"line":56,"column":58}},"line":56}},"branchMap":{"0":{"loc":{"start":{"line":40,"column":31},"end":{"line":40,"column":43}},"type":"default-arg","locations":[{"start":{"line":40,"column":41},"end":{"line":40,"column":43}}],"line":40},"1":{"loc":{"start":{"line":50,"column":2},"end":{"line":52,"column":3}},"type":"if","locations":[{"start":{"line":50,"column":2},"end":{"line":52,"column":3}},{"start":{},"end":{}}],"line":50},"2":{"loc":{"start":{"line":79,"column":4},"end":{"line":81,"column":5}},"type":"if","locations":[{"start":{"line":79,"column":4},"end":{"line":81,"column":5}},{"start":{},"end":{}}],"line":79},"3":{"loc":{"start":{"line":85,"column":4},"end":{"line":87,"column":5}},"type":"if","locations":[{"start":{"line":85,"column":4},"end":{"line":87,"column":5}},{"start":{},"end":{}}],"line":85},"4":{"loc":{"start":{"line":85,"column":8},"end":{"line":85,"column":41}},"type":"binary-expr","locations":[{"start":{"line":85,"column":8},"end":{"line":85,"column":13}},{"start":{"line":85,"column":17},"end":{"line":85,"column":41}}],"line":85},"5":{"loc":{"start":{"line":99,"column":18},"end":{"line":99,"column":38}},"type":"binary-expr","locations":[{"start":{"line":99,"column":18},"end":{"line":99,"column":32}},{"start":{"line":99,"column":36},"end":{"line":99,"column":38}}],"line":99},"6":{"loc":{"start":{"line":107,"column":6},"end":{"line":107,"column":28}},"type":"if","locations":[{"start":{"line":107,"column":6},"end":{"line":107,"column":28}},{"start":{},"end":{}}],"line":107},"7":{"loc":{"start":{"line":109,"column":6},"end":{"line":122,"column":7}},"type":"if","locations":[{"start":{"line":109,"column":6},"end":{"line":122,"column":7}},{"start":{},"end":{}}],"line":109},"8":{"loc":{"start":{"line":113,"column":10},"end":{"line":117,"column":11}},"type":"if","locations":[{"start":{"line":113,"column":10},"end":{"line":117,"column":11}},{"start":{},"end":{}}],"line":113}},"s":{"0":1,"1":1,"2":1,"3":4,"4":4,"5":0,"6":4,"7":4,"8":0,"9":4,"10":4,"11":2,"12":2,"13":2,"14":2,"15":2,"16":2,"17":1,"18":0,"19":1,"20":1,"21":0,"22":1,"23":1,"24":1,"25":0,"26":1,"27":1,"28":1,"29":1,"30":1,"31":1,"32":2,"33":0,"34":2,"35":2,"36":2,"37":2,"38":2,"39":2,"40":2,"41":2,"42":0,"43":1,"44":3,"45":1},"f":{"0":4,"1":2},"b":{"0":[4],"1":[0,4],"2":[0,1],"3":[0,1],"4":[1,1],"5":[1,0],"6":[0,2],"7":[2,0],"8":[2,0]},"_coverageSchema":"1a1c01bbd47fc00a2c39e90264f33305004495a9","hash":"0dc5881e2639969beee98d5f331e8464e59dda3b"}
,"/usr/src/kind-scraper/lib/utils/robotsChecker.js": {"path":"/usr/src/kind-scraper/lib/utils/robotsChecker.js","statementMap":{"0":{"start":{"line":4,"column":2},"end":{"line":4,"column":14}},"1":{"start":{"line":7,"column":0},"end":{"line":7,"column":33}}},"fnMap":{"0":{"name":"checkRobots","decl":{"start":{"line":1,"column":15},"end":{"line":1,"column":26}},"loc":{"start":{"line":1,"column":32},"end":{"line":5,"column":1}},"line":1}},"branchMap":{},"s":{"0":4,"1":1},"f":{"0":4},"b":{},"_coverageSchema":"1a1c01bbd47fc00a2c39e90264f33305004495a9","hash":"d4273954707e8abda77228b7587945a2cd095dfe"}
}
