TN:
SF:lib/scraper.js
FN:40,scrapePage
FN:56,(anonymous_1)
FNF:2
FNH:2
FNDA:4,scrapePage
FNDA:2,(anonymous_1)
DA:1,1
DA:2,1
DA:3,1
DA:42,4
DA:43,4
DA:45,0
DA:49,4
DA:50,4
DA:51,0
DA:54,4
DA:55,4
DA:56,2
DA:57,2
DA:62,2
DA:67,2
DA:76,2
DA:79,1
DA:80,0
DA:84,1
DA:85,1
DA:86,0
DA:91,1
DA:92,1
DA:93,1
DA:95,0
DA:99,1
DA:102,1
DA:103,1
DA:104,1
DA:105,1
DA:106,1
DA:107,2
DA:108,2
DA:109,2
DA:110,2
DA:112,2
DA:113,2
DA:114,2
DA:115,2
DA:116,2
DA:120,0
DA:125,1
DA:128,3
DA:132,1
LF:44
LH:38
BRDA:40,0,0,4
BRDA:50,1,0,0
BRDA:50,1,1,4
BRDA:79,2,0,0
BRDA:79,2,1,1
BRDA:85,3,0,0
BRDA:85,3,1,1
BRDA:85,4,0,1
BRDA:85,4,1,1
BRDA:99,5,0,1
BRDA:99,5,1,0
BRDA:107,6,0,0
BRDA:107,6,1,2
BRDA:109,7,0,2
BRDA:109,7,1,0
BRDA:113,8,0,2
BRDA:113,8,1,0
BRF:17
BRH:10
end_of_record
TN:
SF:lib/utils/robotsChecker.js
FN:1,checkRobots
FNF:1
FNH:1
FNDA:4,checkRobots
DA:4,4
DA:7,1
LF:2
LH:2
BRF:0
BRH:0
end_of_record
