TN:
SF:lib/scraper.js
FN:5,scrapePage
FN:23,(anonymous_1)
FNF:2
FNH:2
FNDA:18,scrapePage
FNDA:16,(anonymous_1)
DA:1,1
DA:2,1
DA:3,1
DA:7,18
DA:8,18
DA:10,1
DA:14,17
DA:15,17
DA:16,1
DA:19,16
DA:20,16
DA:23,16
DA:25,0
DA:29,0
DA:35,0
DA:36,0
DA:40,0
DA:41,0
DA:42,0
DA:47,0
DA:48,0
DA:49,0
DA:51,0
DA:55,0
DA:58,0
DA:59,0
DA:60,0
DA:61,0
DA:62,0
DA:63,0
DA:64,0
DA:65,0
DA:66,0
DA:68,0
DA:69,0
DA:70,0
DA:71,0
DA:72,0
DA:76,0
DA:81,0
DA:84,0
DA:88,1
LF:42
LH:13
BRDA:15,0,0,1
BRDA:15,0,1,16
BRDA:35,1,0,0
BRDA:35,1,1,0
BRDA:41,2,0,0
BRDA:41,2,1,0
BRDA:41,3,0,0
BRDA:41,3,1,0
BRDA:55,4,0,0
BRDA:55,4,1,0
BRDA:63,5,0,0
BRDA:63,5,1,0
BRDA:65,6,0,0
BRDA:65,6,1,0
BRDA:69,7,0,0
BRDA:69,7,1,0
BRF:16
BRH:2
end_of_record
